<?xml version="1.0" encoding="UTF-8"?>
<!-- Generated by org.testng.reporters.JUnitXMLReporter -->
<testsuite ignored="0" hostname="LAPTOP-BD6DVP76" failures="0" tests="2" name="Test_Linux_firefox" time="63.601" errors="0" timestamp="2025-06-07T07:26:15 EDT">
  <testcase classname="testCase.TC_AccountRegistraionTest_TC001" name="verify_account_registration" time="11.529"/>
  <testcase classname="testCase.TC_LoginTest_TC002" name="verifyLogin" time="15.801"/>
</testsuite> <!-- Test_Linux_firefox -->
