<?xml version="1.0" encoding="UTF-8"?>
<!-- Generated by org.testng.reporters.JUnitXMLReporter -->
<testsuite ignored="0" hostname="LAPTOP-BD6DVP76" failures="1" tests="2" name="Test" time="88.037" errors="0" timestamp="2025-06-09T10:17:10 EDT">
  <testcase classname="testCase.TC_AccountRegistraionTest_TC001" name="verify_account_registration" time="6.156"/>
  <testcase classname="testCase.TC_LoginTest_TC002" name="verifyLogin" time="50.898">
    <failure type="java.lang.AssertionError" message="expected [true] but found [false]">
      <![CDATA[java.lang.AssertionError: expected [true] but found [false]
at testCase.TC_LoginTest_TC002.verifyLogin(TC_LoginTest_TC002.java:34)
at java.base/java.util.ArrayList.forEach(ArrayList.java:1511)
... Removed 36 stack frames]]>
    </failure>
  </testcase> <!-- verifyLogin -->
</testsuite> <!-- Test -->
