<?xml version="1.0" encoding="UTF-8"?>
<testng-results ignored="0" total="2" passed="2" failed="0" skipped="0">
  <reporter-output>
  </reporter-output>
  <suite started-at="2025-06-08T07:07:25 EDT" name="Suite" finished-at="2025-06-08T07:08:01 EDT" duration-ms="35945">
    <groups>
      <group name="Master">
        <method signature="TC_AccountRegistraionTest_TC001.verify_account_registration()[pri:0, instance:testCase.TC_AccountRegistraionTest_TC001@4b29d1d2]" name="verify_account_registration" class="testCase.TC_AccountRegistraionTest_TC001"/>
        <method signature="TC_LoginTest_TC002.verifyLogin()[pri:0, instance:testCase.TC_LoginTest_TC002@2d901eb0]" name="verifyLogin" class="testCase.TC_LoginTest_TC002"/>
      </group> <!-- Master -->
      <group name="Sanity">
        <method signature="TC_LoginTest_TC002.verifyLogin()[pri:0, instance:testCase.TC_LoginTest_TC002@2d901eb0]" name="verifyLogin" class="testCase.TC_LoginTest_TC002"/>
      </group> <!-- Sanity -->
      <group name="Regression">
        <method signature="TC_AccountRegistraionTest_TC001.verify_account_registration()[pri:0, instance:testCase.TC_AccountRegistraionTest_TC001@4b29d1d2]" name="verify_account_registration" class="testCase.TC_AccountRegistraionTest_TC001"/>
      </group> <!-- Regression -->
    </groups>
    <test started-at="2025-06-08T07:07:25 EDT" name="Test" finished-at="2025-06-08T07:08:01 EDT" duration-ms="35945">
      <class name="testCase.TC_AccountRegistraionTest_TC001">
        <test-method is-config="true" signature="setup(java.lang.String,java.lang.String)[pri:0, instance:testCase.TC_AccountRegistraionTest_TC001@4b29d1d2]" started-at="2025-06-08T07:07:26 EDT" name="setup" finished-at="2025-06-08T07:07:41 EDT" duration-ms="15324" status="PASS">
          <params>
            <param index="0">
              <value>
                <![CDATA[window]]>
              </value>
            </param>
            <param index="1">
              <value>
                <![CDATA[chrome]]>
              </value>
            </param>
          </params>
          <reporter-output>
          </reporter-output>
        </test-method> <!-- setup -->
        <test-method signature="verify_account_registration()[pri:0, instance:testCase.TC_AccountRegistraionTest_TC001@4b29d1d2]" started-at="2025-06-08T07:07:41 EDT" name="verify_account_registration" finished-at="2025-06-08T07:07:47 EDT" duration-ms="5347" status="PASS">
          <reporter-output>
          </reporter-output>
        </test-method> <!-- verify_account_registration -->
        <test-method is-config="true" signature="teardown()[pri:0, instance:testCase.TC_AccountRegistraionTest_TC001@4b29d1d2]" started-at="2025-06-08T07:07:47 EDT" name="teardown" finished-at="2025-06-08T07:07:47 EDT" duration-ms="636" status="PASS">
          <reporter-output>
          </reporter-output>
        </test-method> <!-- teardown -->
      </class> <!-- testCase.TC_AccountRegistraionTest_TC001 -->
      <class name="testCase.TC_LoginTest_TC002">
        <test-method is-config="true" signature="setup(java.lang.String,java.lang.String)[pri:0, instance:testCase.TC_LoginTest_TC002@2d901eb0]" started-at="2025-06-08T07:07:47 EDT" name="setup" finished-at="2025-06-08T07:07:55 EDT" duration-ms="7892" status="PASS">
          <params>
            <param index="0">
              <value>
                <![CDATA[window]]>
              </value>
            </param>
            <param index="1">
              <value>
                <![CDATA[chrome]]>
              </value>
            </param>
          </params>
          <reporter-output>
          </reporter-output>
        </test-method> <!-- setup -->
        <test-method signature="verifyLogin()[pri:0, instance:testCase.TC_LoginTest_TC002@2d901eb0]" started-at="2025-06-08T07:07:55 EDT" name="verifyLogin" finished-at="2025-06-08T07:08:00 EDT" duration-ms="4882" status="PASS">
          <reporter-output>
          </reporter-output>
        </test-method> <!-- verifyLogin -->
        <test-method is-config="true" signature="teardown()[pri:0, instance:testCase.TC_LoginTest_TC002@2d901eb0]" started-at="2025-06-08T07:08:00 EDT" name="teardown" finished-at="2025-06-08T07:08:01 EDT" duration-ms="1199" status="PASS">
          <reporter-output>
          </reporter-output>
        </test-method> <!-- teardown -->
      </class> <!-- testCase.TC_LoginTest_TC002 -->
    </test> <!-- Test -->
  </suite> <!-- Suite -->
</testng-results>
